# JRE version: Java(TM) SE Runtime Environment (8.0_172-b11) (build 1.8.0_172-b11)
# Java VM: Java HotSpot(TM) 64-Bit Server VM (25.172-b11 mixed mode windows-amd64 compressed oops)
Heap:
 PSYoungGen      total 157184K, used 89829K [0x00000000f5580000, 0x0000000100000000, 0x0000000100000000)
  eden space 139776K, 59% used [0x00000000f5580000,0x00000000fa64e8f8,0x00000000fde00000)
  from space 17408K, 40% used [0x00000000fde00000,0x00000000fe4eab98,0x00000000fef00000)
  to   space 17408K, 0% used [0x00000000fef00000,0x00000000fef00000,0x0000000100000000)
 ParOldGen       total 175104K, used 27853K [0x00000000e0000000, 0x00000000eab00000, 0x00000000f5580000)
  object space 175104K, 15% used [0x00000000e0000000,0x00000000e1b33518,0x00000000eab00000)
 Metaspace       used 61645K, capacity 65496K, committed 65792K, reserved 1105920K
  class space    used 8925K, capacity 9625K, committed 9728K, reserved 1048576K
GC Heap History (10 events):
Event: 16.639 GC heap before
{Heap before GC invocations=12 (full 2):
 PSYoungGen      total 103424K, used 98367K [0x00000000f5580000, 0x00000000fdc80000, 0x0000000100000000)
  eden space 90624K, 100% used [0x00000000f5580000,0x00000000fae00000,0x00000000fae00000)
  from space 12800K, 60% used [0x00000000fae00000,0x00000000fb58ffe8,0x00000000fba80000)
  to   space 12288K, 0% used [0x00000000fd080000,0x00000000fd080000,0x00000000fdc80000)
 ParOldGen       total 175104K, used 15293K [0x00000000e0000000, 0x00000000eab00000, 0x00000000f5580000)
  object space 175104K, 8% used [0x00000000e0000000,0x00000000e0eef688,0x00000000eab00000)
 Metaspace       used 47980K, capacity 50844K, committed 51072K, reserved 1093632K
  class space    used 6928K, capacity 7482K, committed 7552K, reserved 1048576K
Event: 16.648 GC heap after
Heap after GC invocations=12 (full 2):
 PSYoungGen      total 124416K, used 12266K [0x00000000f5580000, 0x00000000fde00000, 0x0000000100000000)
  eden space 112128K, 0% used [0x00000000f5580000,0x00000000f5580000,0x00000000fc300000)
  from space 12288K, 99% used [0x00000000fd080000,0x00000000fdc7aba0,0x00000000fdc80000)
  to   space 13824K, 0% used [0x00000000fc300000,0x00000000fc300000,0x00000000fd080000)
 ParOldGen       total 175104K, used 15784K [0x00000000e0000000, 0x00000000eab00000, 0x00000000f5580000)
  object space 175104K, 9% used [0x00000000e0000000,0x00000000e0f6a0f8,0x00000000eab00000)
 Metaspace       used 47980K, capacity 50844K, committed 51072K, reserved 1093632K
  class space    used 6928K, capacity 7482K, committed 7552K, reserved 1048576K
}
Event: 18.038 GC heap before
{Heap before GC invocations=13 (full 2):
 PSYoungGen      total 124416K, used 124394K [0x00000000f5580000, 0x00000000fde00000, 0x0000000100000000)
  eden space 112128K, 100% used [0x00000000f5580000,0x00000000fc300000,0x00000000fc300000)
  from space 12288K, 99% used [0x00000000fd080000,0x00000000fdc7aba0,0x00000000fdc80000)
  to   space 13824K, 0% used [0x00000000fc300000,0x00000000fc300000,0x00000000fd080000)
 ParOldGen       total 175104K, used 15784K [0x00000000e0000000, 0x00000000eab00000, 0x00000000f5580000)
  object space 175104K, 9% used [0x00000000e0000000,0x00000000e0f6a0f8,0x00000000eab00000)
 Metaspace       used 53172K, capacity 56218K, committed 56320K, reserved 1097728K
  class space    used 7608K, capacity 8156K, committed 8192K, reserved 1048576K
Event: 18.049 GC heap after
Heap after GC invocations=13 (full 2):
 PSYoungGen      total 125952K, used 13794K [0x00000000f5580000, 0x00000000fff80000, 0x0000000100000000)
  eden space 112128K, 0% used [0x00000000f5580000,0x00000000f5580000,0x00000000fc300000)
  from space 13824K, 99% used [0x00000000fc300000,0x00000000fd078a00,0x00000000fd080000)
  to   space 16384K, 0% used [0x00000000fef80000,0x00000000fef80000,0x00000000fff80000)
 ParOldGen       total 175104K, used 18710K [0x00000000e0000000, 0x00000000eab00000, 0x00000000f5580000)
  object space 175104K, 10% used [0x00000000e0000000,0x00000000e1245828,0x00000000eab00000)
 Metaspace       used 53172K, capacity 56218K, committed 56320K, reserved 1097728K
  class space    used 7608K, capacity 8156K, committed 8192K, reserved 1048576K
}
Event: 18.474 GC heap before
{Heap before GC invocations=14 (full 2):
 PSYoungGen      total 125952K, used 43979K [0x00000000f5580000, 0x00000000fff80000, 0x0000000100000000)
  eden space 112128K, 26% used [0x00000000f5580000,0x00000000f72fa208,0x00000000fc300000)
  from space 13824K, 99% used [0x00000000fc300000,0x00000000fd078a00,0x00000000fd080000)
  to   space 16384K, 0% used [0x00000000fef80000,0x00000000fef80000,0x00000000fff80000)
 ParOldGen       total 175104K, used 18710K [0x00000000e0000000, 0x00000000eab00000, 0x00000000f5580000)
  object space 175104K, 10% used [0x00000000e0000000,0x00000000e1245828,0x00000000eab00000)
 Metaspace       used 55574K, capacity 59110K, committed 59136K, reserved 1099776K
  class space    used 8070K, capacity 8683K, committed 8704K, reserved 1048576K
Event: 18.484 GC heap after
Heap after GC invocations=14 (full 2):
 PSYoungGen      total 156160K, used 14722K [0x00000000f5580000, 0x0000000100000000, 0x0000000100000000)
  eden space 139776K, 0% used [0x00000000f5580000,0x00000000f5580000,0x00000000fde00000)
  from space 16384K, 89% used [0x00000000fef80000,0x00000000ffde0a30,0x00000000fff80000)
  to   space 17408K, 0% used [0x00000000fde00000,0x00000000fde00000,0x00000000fef00000)
 ParOldGen       total 175104K, used 18718K [0x00000000e0000000, 0x00000000eab00000, 0x00000000f5580000)
  object space 175104K, 10% used [0x00000000e0000000,0x00000000e1247828,0x00000000eab00000)
 Metaspace       used 55574K, capacity 59110K, committed 59136K, reserved 1099776K
  class space    used 8070K, capacity 8683K, committed 8704K, reserved 1048576K
}
Event: 18.484 GC heap before
{Heap before GC invocations=15 (full 3):
 PSYoungGen      total 156160K, used 14722K [0x00000000f5580000, 0x0000000100000000, 0x0000000100000000)
  eden space 139776K, 0% used [0x00000000f5580000,0x00000000f5580000,0x00000000fde00000)
  from space 16384K, 89% used [0x00000000fef80000,0x00000000ffde0a30,0x00000000fff80000)
  to   space 17408K, 0% used [0x00000000fde00000,0x00000000fde00000,0x00000000fef00000)
 ParOldGen       total 175104K, used 18718K [0x00000000e0000000, 0x00000000eab00000, 0x00000000f5580000)
  object space 175104K, 10% used [0x00000000e0000000,0x00000000e1247828,0x00000000eab00000)
 Metaspace       used 55574K, capacity 59110K, committed 59136K, reserved 1099776K
  class space    used 8070K, capacity 8683K, committed 8704K, reserved 1048576K
Event: 18.628 GC heap after
Heap after GC invocations=15 (full 3):
 PSYoungGen      total 156160K, used 0K [0x00000000f5580000, 0x0000000100000000, 0x0000000100000000)
  eden space 139776K, 0% used [0x00000000f5580000,0x00000000f5580000,0x00000000fde00000)
  from space 16384K, 0% used [0x00000000fef80000,0x00000000fef80000,0x00000000fff80000)
  to   space 17408K, 0% used [0x00000000fde00000,0x00000000fde00000,0x00000000fef00000)
 ParOldGen       total 175104K, used 27845K [0x00000000e0000000, 0x00000000eab00000, 0x00000000f5580000)
  object space 175104K, 15% used [0x00000000e0000000,0x00000000e1b31518,0x00000000eab00000)
 Metaspace       used 55428K, capacity 58624K, committed 59136K, reserved 1099776K
  class space    used 8024K, capacity 8602K, committed 8704K, reserved 1048576K
}
Event: 20.461 GC heap before
{Heap before GC invocations=16 (full 3):
 PSYoungGen      total 156160K, used 139776K [0x00000000f5580000, 0x0000000100000000, 0x0000000100000000)
  eden space 139776K, 100% used [0x00000000f5580000,0x00000000fde00000,0x00000000fde00000)
  from space 16384K, 0% used [0x00000000fef80000,0x00000000fef80000,0x00000000fff80000)
  to   space 17408K, 0% used [0x00000000fde00000,0x00000000fde00000,0x00000000fef00000)
 ParOldGen       total 175104K, used 27845K [0x00000000e0000000, 0x00000000eab00000, 0x00000000f5580000)
  object space 175104K, 15% used [0x00000000e0000000,0x00000000e1b31518,0x00000000eab00000)
 Metaspace       used 59538K, capacity 63082K, committed 63232K, reserved 1103872K
  class space    used 8583K, capacity 9197K, committed 9216K, reserved 1048576K
Event: 20.467 GC heap after
Heap after GC invocations=16 (full 3):
 PSYoungGen      total 157184K, used 7082K [0x00000000f5580000, 0x0000000100000000, 0x0000000100000000)
  eden space 139776K, 0% used [0x00000000f5580000,0x00000000f5580000,0x00000000fde00000)
  from space 17408K, 40% used [0x00000000fde00000,0x00000000fe4eab98,0x00000000fef00000)
  to   space 17408K, 0% used [0x00000000fef00000,0x00000000fef00000,0x0000000100000000)
 ParOldGen       total 175104K, used 27853K [0x00000000e0000000, 0x00000000eab00000, 0x00000000f5580000)
  object space 175104K, 15% used [0x00000000e0000000,0x00000000e1b33518,0x00000000eab00000)
 Metaspace       used 59538K, capacity 63082K, committed 63232K, reserved 1103872K
  class space    used 8583K, capacity 9197K, committed 9216K, reserved 1048576K
}

